2025-01-11 14:29:32:2932 [32minfo[39m: [32mServer is running on PORT 4000[39m
2025-01-11 14:29:47:2947 [32minfo[39m: [32mServer is running on PORT 4000[39m
2025-01-11 14:29:48:2948 [32minfo[39m: [32mServer is running on PORT 4000[39m
2025-01-11 14:30:37:3037 [37mdebug[39m: [37mFrontedn Url [39m
2025-01-11 14:30:37:3037 [32minfo[39m: [32mServer is running on PORT 4000[39m
2025-01-11 14:31:46:3146 [37mdebug[39m: [37mFrontedn Url [39m
2025-01-11 14:31:46:3146 [32minfo[39m: [32mServer is running on PORT 4000[39m
2025-01-11 14:31:56:3156 [37mdebug[39m: [37mFrontedn Url [39m
2025-01-11 14:31:56:3156 [32minfo[39m: [32mServer is running on PORT 4000[39m
2025-01-11 14:31:57:3157 [37mdebug[39m: [37mFrontedn Url [39m
2025-01-11 14:31:57:3157 [32minfo[39m: [32mServer is running on PORT 4000[39m
2025-01-11 14:32:16:3216 [31merror[39m: [31mFrontedn Url [39m
2025-01-11 14:32:16:3216 [32minfo[39m: [32mServer is running on PORT 4000[39m
2025-01-11 14:32:25:3225 [32minfo[39m: [32mFrontedn Url [39m
2025-01-11 14:32:25:3225 [32minfo[39m: [32mServer is running on PORT 4000[39m
2025-01-11 14:32:33:3233 [32minfo[39m: [32mhttp://localhost:5173[39m
2025-01-11 14:32:33:3233 [32minfo[39m: [32mServer is running on PORT 4000[39m
2025-01-11 14:32:49:3249 [32minfo[39m: [32mServer is running on PORT 4000[39m
2025-01-11 14:57:33:5733 [32minfo[39m: [32mServer is running on PORT 4000[39m
2025-01-11 14:57:54:5754 [32minfo[39m: [32mServer is running on PORT 4000[39m
2025-01-11 14:58:22:5822 [32minfo[39m: [32mServer is running on PORT 4000[39m
2025-01-11 14:58:45:5845 [32minfo[39m: [32mServer is running on PORT 4000[39m
2025-01-11 14:59:18:5918 [32minfo[39m: [32mServer is running on PORT 4000[39m
2025-01-11 14:59:20:5920 [32minfo[39m: [32mServer is running on PORT 4000[39m
2025-01-11 15:00:22:022 [32minfo[39m: [32mServer is running on PORT 4000[39m
2025-01-11 15:01:04:14 [32minfo[39m: [32mServer is running on PORT 4000[39m
2025-01-11 15:01:22:122 [32minfo[39m: [32mServer is running on PORT 4000[39m
2025-01-11 15:02:09:29 [32minfo[39m: [32mServer is running on PORT 4000[39m
2025-01-11 15:02:56:256 [32minfo[39m: [32mServer is running on PORT 4000[39m
2025-01-11 15:03:36:336 [32minfo[39m: [32mServer is running on PORT 4000[39m
2025-01-11 15:04:20:420 [32minfo[39m: [32mServer is running on PORT 4000[39m
2025-01-11 15:05:40:540 [32minfo[39m: [32mServer is running on PORT 4000[39m
2025-01-11 15:05:50:550 [32minfo[39m: [32mServer is running on PORT 4000[39m
2025-01-11 15:06:19:619 [32minfo[39m: [32mServer is running on PORT 4000[39m
2025-01-11 15:06:37:637 [32minfo[39m: [32mServer is running on PORT 4000[39m
2025-01-11 15:06:48:648 [32minfo[39m: [32mServer is running on PORT 4000[39m
2025-01-11 15:06:57:657 [32minfo[39m: [32mServer is running on PORT 4000[39m
2025-01-11 15:07:19:719 [32minfo[39m: [32mServer is running on PORT 4000[39m
2025-01-11 15:07:29:729 [32minfo[39m: [32mServer is running on PORT 4000[39m
2025-01-11 15:07:36:736 [32minfo[39m: [32mServer is running on PORT 4000[39m
2025-01-11 15:07:57:757 [32minfo[39m: [32mServer is running on PORT 4000[39m
2025-01-11 15:08:01:81 [32minfo[39m: [32mServer is running on PORT 4000[39m
2025-01-11 15:08:16:816 [32minfo[39m: [32mServer is running on PORT 4000[39m
2025-01-11 15:08:23:823 [32minfo[39m: [32mServer is running on PORT 4000[39m
2025-01-11 15:08:47:847 [32minfo[39m: [32mServer is running on PORT 4000[39m
2025-01-11 15:09:12:912 [32minfo[39m: [32mServer is running on PORT 4000[39m
2025-01-11 15:10:13:1013 [32minfo[39m: [32mServer is running on PORT 4000[39m
2025-01-11 15:11:06:116 [32minfo[39m: [32mServer is running on PORT 4000[39m
2025-01-11 15:11:31:1131 [32minfo[39m: [32mServer is running on PORT 4000[39m
2025-01-11 15:11:37:1137 [32minfo[39m: [32mServer is running on PORT 4000[39m
2025-01-11 15:12:06:126 [32minfo[39m: [32mServer is running on PORT 4000[39m
2025-01-11 15:13:12:1312 [32minfo[39m: [32mServer is running on PORT 4000[39m
2025-01-11 15:14:33:1433 [32minfo[39m: [32mServer is running on PORT 4000[39m
2025-01-11 15:15:11:1511 [32minfo[39m: [32mServer is running on PORT 4000[39m
2025-01-11 15:15:18:1518 [32minfo[39m: [32mServer is running on PORT 4000[39m
2025-01-11 15:15:35:1535 [32minfo[39m: [32mServer is running on PORT 4000[39m
2025-01-11 15:16:32:1632 [32minfo[39m: [32mServer is running on PORT 4000[39m
2025-01-11 15:16:46:1646 [32minfo[39m: [32mServer is running on PORT 4000[39m
2025-01-11 15:17:46:1746 [35mhttp[39m: [35m::1 GET /api/v1/game/create 200 635 - 1239.010 ms[39m
2025-01-11 15:18:53:1853 [32minfo[39m: [32mServer is running on PORT 4000[39m
2025-01-11 15:19:06:196 [32minfo[39m: [32mServer is running on PORT 4000[39m
2025-01-11 15:19:10:1910 [35mhttp[39m: [35m::1 GET /api/v1/game/create 200 623 - 1397.758 ms[39m
2025-01-11 15:20:43:2043 [32minfo[39m: [32mServer is running on PORT 4000[39m
2025-01-11 15:20:48:2048 [35mhttp[39m: [35m::1 GET /api/v1/game/create 200 493 - 1226.629 ms[39m
2025-01-11 15:21:34:2134 [32minfo[39m: [32mServer is running on PORT 4000[39m
2025-01-11 15:21:36:2136 [32minfo[39m: [32mServer is running on PORT 4000[39m
